2024-11-18 14:16:19,693 - EnlaceRural - INFO - test_reports_dialog.py:87 - Iniciando test de filtros
2024-11-18 14:16:19,751 - EnlaceRural - DEBUG - test_reports_dialog.py:92 - Datos iniciales: [{'id': 'P1', 'name': 'Juan', 'community': 'Comunidad A', 'gender': 'Hombre', 'education_level': 'Secundaria', 'activities': ['Actividad 1'], 'registration_date': '2024-01-01'}, {'id': 'P2', 'name': 'María', 'community': 'Comunidad A', 'gender': 'Mujer', 'education_level': 'Preparatoria', 'activities': ['Actividad 1'], 'registration_date': '2024-01-01'}]
2024-11-18 14:16:19,753 - EnlaceRural - DEBUG - test_reports_dialog.py:101 - Participantes filtrados: []
2024-11-18 14:16:19,914 - EnlaceRural - INFO - test_reports_dialog.py:128 - Iniciando test de actualización de gráficos
2024-11-18 14:16:20,300 - EnlaceRural - INFO - test_reports_dialog.py:175 - Iniciando test de manejo de errores
2024-11-18 14:16:20,303 - EnlaceRural - DEBUG - test_reports_dialog.py:181 - Configurado error simulado en get_all_activities
2024-11-18 14:23:11,639 - EnlaceRural - INFO - test_reports_dialog.py:87 - Iniciando test de filtros
2024-11-18 14:23:12,453 - EnlaceRural - DEBUG - test_reports_dialog.py:92 - Datos iniciales: [{'id': 'P1', 'name': 'Juan', 'community': 'Comunidad A', 'gender': 'Hombre', 'education_level': 'Secundaria', 'activities': ['Actividad 1'], 'registration_date': '2024-01-01'}, {'id': 'P2', 'name': 'María', 'community': 'Comunidad A', 'gender': 'Mujer', 'education_level': 'Preparatoria', 'activities': ['Actividad 1'], 'registration_date': '2024-01-01'}]
2024-11-18 14:23:12,456 - EnlaceRural - DEBUG - test_reports_dialog.py:101 - Participantes filtrados: []
2024-11-18 14:23:13,203 - EnlaceRural - INFO - test_reports_dialog.py:128 - Iniciando test de actualización de gráficos
2024-11-18 14:23:16,568 - EnlaceRural - INFO - test_reports_dialog.py:175 - Iniciando test de manejo de errores
2024-11-18 14:23:16,571 - EnlaceRural - DEBUG - test_reports_dialog.py:181 - Configurado error simulado en get_all_activities
2024-11-18 14:27:19,185 - EnlaceRural - INFO - test_reports_dialog.py:87 - Iniciando test de filtros
2024-11-18 14:27:19,320 - EnlaceRural - DEBUG - test_reports_dialog.py:92 - Datos iniciales: [{'id': 'P1', 'name': 'Juan', 'community': 'Comunidad A', 'gender': 'Hombre', 'education_level': 'Secundaria', 'activities': ['Actividad 1'], 'registration_date': '2024-01-01'}, {'id': 'P2', 'name': 'María', 'community': 'Comunidad A', 'gender': 'Mujer', 'education_level': 'Preparatoria', 'activities': ['Actividad 1'], 'registration_date': '2024-01-01'}]
2024-11-18 14:27:19,338 - EnlaceRural - DEBUG - test_reports_dialog.py:104 - Participantes filtrados: []
2024-11-18 14:27:19,583 - EnlaceRural - INFO - test_reports_dialog.py:132 - Iniciando test de actualización de gráficos
2024-11-18 14:27:20,080 - EnlaceRural - INFO - test_reports_dialog.py:180 - Iniciando test de manejo de errores
2024-11-18 14:27:20,082 - EnlaceRural - DEBUG - test_reports_dialog.py:186 - Configurado error simulado en get_all_activities
2024-11-18 14:29:42,654 - EnlaceRural - INFO - test_reports_dialog.py:87 - Iniciando test de filtros
2024-11-18 14:29:42,789 - EnlaceRural - DEBUG - test_reports_dialog.py:92 - Datos iniciales: [{'id': 'P1', 'name': 'Juan', 'community': 'Comunidad A', 'gender': 'Hombre', 'education_level': 'Secundaria', 'activities': ['Actividad 1'], 'registration_date': '2024-01-01'}, {'id': 'P2', 'name': 'María', 'community': 'Comunidad A', 'gender': 'Mujer', 'education_level': 'Preparatoria', 'activities': ['Actividad 1'], 'registration_date': '2024-01-01'}]
2024-11-18 14:29:42,926 - EnlaceRural - DEBUG - test_reports_dialog.py:104 - Participantes filtrados: [{'id': 'P1', 'name': 'Juan', 'community': 'Comunidad A', 'gender': 'Hombre', 'education_level': 'Secundaria', 'activities': ['Actividad 1'], 'registration_date': '2024-01-01'}, {'id': 'P2', 'name': 'María', 'community': 'Comunidad A', 'gender': 'Mujer', 'education_level': 'Preparatoria', 'activities': ['Actividad 1'], 'registration_date': '2024-01-01'}]
2024-11-18 14:29:43,149 - EnlaceRural - INFO - test_reports_dialog.py:132 - Iniciando test de actualización de gráficos
2024-11-18 14:29:43,952 - EnlaceRural - INFO - test_reports_dialog.py:180 - Iniciando test de manejo de errores
2024-11-18 14:29:43,955 - EnlaceRural - DEBUG - test_reports_dialog.py:186 - Configurado error simulado en get_all_activities
2024-11-18 14:30:55,512 - EnlaceRural - INFO - test_reports_dialog.py:87 - Iniciando test de filtros
2024-11-18 14:30:55,629 - EnlaceRural - DEBUG - test_reports_dialog.py:92 - Datos iniciales: [{'id': 'P1', 'name': 'Juan', 'community': 'Comunidad A', 'gender': 'Hombre', 'education_level': 'Secundaria', 'activities': ['Actividad 1'], 'registration_date': '2024-01-01'}, {'id': 'P2', 'name': 'María', 'community': 'Comunidad A', 'gender': 'Mujer', 'education_level': 'Preparatoria', 'activities': ['Actividad 1'], 'registration_date': '2024-01-01'}]
2024-11-18 14:30:55,749 - EnlaceRural - DEBUG - test_reports_dialog.py:104 - Participantes filtrados: [{'id': 'P1', 'name': 'Juan', 'community': 'Comunidad A', 'gender': 'Hombre', 'education_level': 'Secundaria', 'activities': ['Actividad 1'], 'registration_date': '2024-01-01'}, {'id': 'P2', 'name': 'María', 'community': 'Comunidad A', 'gender': 'Mujer', 'education_level': 'Preparatoria', 'activities': ['Actividad 1'], 'registration_date': '2024-01-01'}]
2024-11-18 14:30:55,884 - EnlaceRural - INFO - test_reports_dialog.py:132 - Iniciando test de actualización de gráficos
2024-11-18 14:30:56,883 - EnlaceRural - INFO - test_reports_dialog.py:180 - Iniciando test de manejo de errores
2024-11-18 14:30:56,886 - EnlaceRural - DEBUG - test_reports_dialog.py:186 - Configurado error simulado en get_all_activities
2024-11-18 14:35:58,658 - EnlaceRural - INFO - test_reports_dialog.py:87 - Iniciando test de filtros
2024-11-18 14:35:58,776 - EnlaceRural - DEBUG - test_reports_dialog.py:92 - Datos iniciales: [{'id': 'P1', 'name': 'Juan', 'community': 'Comunidad A', 'gender': 'Hombre', 'education_level': 'Secundaria', 'activities': ['Actividad 1'], 'registration_date': '2024-01-01'}, {'id': 'P2', 'name': 'María', 'community': 'Comunidad A', 'gender': 'Mujer', 'education_level': 'Preparatoria', 'activities': ['Actividad 1'], 'registration_date': '2024-01-01'}]
2024-11-18 14:35:58,892 - EnlaceRural - DEBUG - test_reports_dialog.py:104 - Participantes filtrados: [{'id': 'P1', 'name': 'Juan', 'community': 'Comunidad A', 'gender': 'Hombre', 'education_level': 'Secundaria', 'activities': ['Actividad 1'], 'registration_date': '2024-01-01'}, {'id': 'P2', 'name': 'María', 'community': 'Comunidad A', 'gender': 'Mujer', 'education_level': 'Preparatoria', 'activities': ['Actividad 1'], 'registration_date': '2024-01-01'}]
2024-11-18 14:35:59,025 - EnlaceRural - INFO - test_reports_dialog.py:132 - Iniciando test de actualización de gráficos
2024-11-18 14:35:59,808 - EnlaceRural - INFO - test_reports_dialog.py:180 - Iniciando test de manejo de errores
2024-11-18 14:35:59,810 - EnlaceRural - DEBUG - test_reports_dialog.py:186 - Configurado error simulado en get_all_activities
2024-11-18 14:50:12,884 - EnlaceRural - INFO - test_reports_dialog.py:87 - Iniciando test de filtros
2024-11-18 14:50:13,010 - EnlaceRural - DEBUG - test_reports_dialog.py:92 - Datos iniciales: [{'id': 'P1', 'name': 'Juan', 'community': 'Comunidad A', 'gender': 'Hombre', 'education_level': 'Secundaria', 'activities': ['Actividad 1'], 'registration_date': '2024-01-01'}, {'id': 'P2', 'name': 'María', 'community': 'Comunidad A', 'gender': 'Mujer', 'education_level': 'Preparatoria', 'activities': ['Actividad 1'], 'registration_date': '2024-01-01'}]
2024-11-18 14:50:13,132 - EnlaceRural - DEBUG - test_reports_dialog.py:104 - Participantes filtrados: [{'id': 'P1', 'name': 'Juan', 'community': 'Comunidad A', 'gender': 'Hombre', 'education_level': 'Secundaria', 'activities': ['Actividad 1'], 'registration_date': '2024-01-01'}, {'id': 'P2', 'name': 'María', 'community': 'Comunidad A', 'gender': 'Mujer', 'education_level': 'Preparatoria', 'activities': ['Actividad 1'], 'registration_date': '2024-01-01'}]
2024-11-18 14:50:13,258 - EnlaceRural - INFO - test_reports_dialog.py:132 - Iniciando test de actualización de gráficos
2024-11-18 14:50:14,145 - EnlaceRural - INFO - test_reports_dialog.py:180 - Iniciando test de manejo de errores
2024-11-18 14:50:14,147 - EnlaceRural - DEBUG - test_reports_dialog.py:186 - Configurado error simulado en get_all_activities
2024-11-18 15:43:18,215 - EnlaceRural - INFO - test_reports_dialog.py:87 - Iniciando test de filtros
2024-11-18 15:43:18,338 - EnlaceRural - DEBUG - test_reports_dialog.py:92 - Datos iniciales: [{'id': 'P1', 'name': 'Juan', 'community': 'Comunidad A', 'gender': 'Hombre', 'education_level': 'Secundaria', 'activities': ['Actividad 1'], 'registration_date': '2024-01-01'}, {'id': 'P2', 'name': 'María', 'community': 'Comunidad A', 'gender': 'Mujer', 'education_level': 'Preparatoria', 'activities': ['Actividad 1'], 'registration_date': '2024-01-01'}]
2024-11-18 15:43:18,462 - EnlaceRural - DEBUG - test_reports_dialog.py:104 - Participantes filtrados: [{'id': 'P1', 'name': 'Juan', 'community': 'Comunidad A', 'gender': 'Hombre', 'education_level': 'Secundaria', 'activities': ['Actividad 1'], 'registration_date': '2024-01-01'}, {'id': 'P2', 'name': 'María', 'community': 'Comunidad A', 'gender': 'Mujer', 'education_level': 'Preparatoria', 'activities': ['Actividad 1'], 'registration_date': '2024-01-01'}]
2024-11-18 15:43:18,594 - EnlaceRural - INFO - test_reports_dialog.py:132 - Iniciando test de actualización de gráficos
2024-11-18 15:43:19,378 - EnlaceRural - INFO - test_reports_dialog.py:180 - Iniciando test de manejo de errores
2024-11-18 15:43:19,381 - EnlaceRural - DEBUG - test_reports_dialog.py:186 - Configurado error simulado en get_all_activities
